<?xml version="1.0" encoding="utf-8"?>
<coverage line-rate="0.85" branch-rate="0.7" version="1.9" timestamp="0" lines-covered="4" lines-valid="6" branches-covered="7" branches-valid="10">
  <packages>
    <package name="Fixture.Core" line-rate="0.85" branch-rate="0.7">
      <classes>
        <class name="Fixture.Core.Engine" filename="Engine.cs" line-rate="0.75" branch-rate="0.8">
          <methods />
          <lines>
            <line number="1" hits="1" />
            <line number="2" hits="1" />
            <line number="3" hits="1" />
            <line number="4" hits="0" />
          </lines>
        </class>
        <class name="Fixture.Core.Wrapper" filename="Wrapper.cs" line-rate="0.5" branch-rate="0.5">
          <methods />
          <lines>
            <line number="1" hits="1" />
            <line number="2" hits="0" />
          </lines>
        </class>
        <class name="Fixture.Web.ExcludedWeb" filename="ExcludedWeb.cs" line-rate="0" branch-rate="0">
          <methods />
          <lines>
            <line number="1" hits="0" />
          </lines>
        </class>
      </classes>
    </package>
  </packages>
</coverage>
